<?xml version="1.0" encoding="UTF-8"?>
<!-- Generated by org.testng.reporters.JUnitXMLReporter -->
<testsuite ignored="3" hostname="HW0524" failures="0" tests="1" name="Free CRM Application Test Cases" time="15.801" errors="0" timestamp="2022-05-10T14:41:31 IST">
  <testcase classname="com.crm.qa.TestCases.HomePageTest" name="verifyHomePageTitleTest" time="0.026"/>
  <testcase classname="com.crm.qa.TestCases.HomePageTest" name="verifyContactsLinkTest" time="0.0">
    <ignored/>
  </testcase> <!-- verifyContactsLinkTest -->
  <testcase classname="com.crm.qa.TestCases.HomePageTest" name="verifyDealsPageLinkTest" time="0.0">
    <ignored/>
  </testcase> <!-- verifyDealsPageLinkTest -->
  <testcase classname="com.crm.qa.TestCases.HomePageTest" name="verifyUserNameTest" time="0.0">
    <ignored/>
  </testcase> <!-- verifyUserNameTest -->
</testsuite> <!-- Free CRM Application Test Cases -->
