<?xml version="1.0" encoding="UTF-8"?>
<!-- Generated by org.testng.reporters.JUnitXMLReporter -->
<testsuite ignored="3" hostname="HW0524" failures="0" tests="1" name="Default test" time="17.281" errors="0" timestamp="2022-05-10T18:36:14 IST">
  <testcase classname="com.crm.qa.TestCases.HomePageTest" name="verifyHomePageTitleTest" time="0.03"/>
  <testcase classname="com.crm.qa.TestCases.HomePageTest" name="verifyDealsPageLinkTest" time="0.0">
    <ignored/>
  </testcase> <!-- verifyDealsPageLinkTest -->
  <testcase classname="com.crm.qa.TestCases.HomePageTest" name="verifyUserNameTest" time="0.0">
    <ignored/>
  </testcase> <!-- verifyUserNameTest -->
  <testcase classname="com.crm.qa.TestCases.HomePageTest" name="verifyContactsLinkTest" time="0.0">
    <ignored/>
  </testcase> <!-- verifyContactsLinkTest -->
</testsuite> <!-- Default test -->
