<?xml version="1.0" encoding="UTF-8"?>
<testng-results ignored="3" total="4" passed="1" failed="0" skipped="0">
  <reporter-output>
  </reporter-output>
  <suite started-at="2022-05-10T18:35:56 IST" name="Default suite" finished-at="2022-05-10T18:36:14 IST" duration-ms="17281">
    <groups>
    </groups>
    <test started-at="2022-05-10T18:35:56 IST" name="Default test" finished-at="2022-05-10T18:36:14 IST" duration-ms="17281">
      <class name="com.crm.qa.TestCases.HomePageTest">
        <test-method is-config="true" signature="setLog4j()[pri:0, instance:com.crm.qa.TestCases.HomePageTest@126253fd]" started-at="2022-05-10T18:35:56 IST" name="setLog4j" finished-at="2022-05-10T18:35:56 IST" duration-ms="15" status="PASS">
          <reporter-output>
          </reporter-output>
        </test-method> <!-- setLog4j -->
        <test-method is-config="true" signature="setUp()[pri:0, instance:com.crm.qa.TestCases.HomePageTest@126253fd]" started-at="2022-05-10T18:35:56 IST" name="setUp" finished-at="2022-05-10T18:36:13 IST" duration-ms="16937" status="PASS">
          <reporter-output>
          </reporter-output>
        </test-method> <!-- setUp -->
        <test-method signature="verifyHomePageTitleTest()[pri:1, instance:com.crm.qa.TestCases.HomePageTest@126253fd]" started-at="2022-05-10T18:36:13 IST" name="verifyHomePageTitleTest" finished-at="2022-05-10T18:36:13 IST" duration-ms="30" status="PASS">
          <reporter-output>
          </reporter-output>
        </test-method> <!-- verifyHomePageTitleTest -->
        <test-method is-config="true" signature="tearDown()[pri:0, instance:com.crm.qa.TestCases.HomePageTest@126253fd]" started-at="2022-05-10T18:36:13 IST" name="tearDown" finished-at="2022-05-10T18:36:14 IST" duration-ms="257" status="PASS">
          <reporter-output>
          </reporter-output>
        </test-method> <!-- tearDown -->
        <test-method is-config="true" signature="endReport()[pri:0, instance:com.crm.qa.TestCases.HomePageTest@126253fd]" started-at="2022-05-10T18:36:14 IST" name="endReport" finished-at="2022-05-10T18:36:14 IST" duration-ms="0" status="PASS">
          <reporter-output>
          </reporter-output>
        </test-method> <!-- endReport -->
      </class> <!-- com.crm.qa.TestCases.HomePageTest -->
    </test> <!-- Default test -->
  </suite> <!-- Default suite -->
</testng-results>
